The Science Birds Server is waiting for the first agent to connect
Waiting for agent  
New agent connected
Starting Science Birds instance on port: 9001
Starting new game thread with socket on port: 9001
The agent will start on port: 9001
Server started
Agent connection established
 1 agent/s has been connected
startng timer
Waiting for agent  
A Science Bird window is connected to the agent proxy on port: 9001
assign game window to client: org.java_websocket.WebSocketImpl@4214f181 client  -1
Total number of levels: 400
config msg received 
configing 
A Science Bird window is disconnected from the agent proxy on port: 9001
 Client 2889 has been terminated
Release Science Birds Winodw org.java_websocket.WebSocketImpl@4214f181
SYS LOG: ############### release chrome window  ##############
true
SYS LOG: All the clients have been dropped. dropClient::ABServerManager
SYS LOG: Save Server Data. dropClient::ABServerManager
SYS LOG:  Server State has been backed up
SYS LOG: Reset Server dropClient::ABServerManager
Exception in thread "Thread-27" java.lang.NullPointerException: Cannot invoke "java.util.HashMap.put(Object, Object)" because the return value of "java.util.HashMap.get(Object)" is null
	at proxy.Proxy.send(Proxy.java:210)
	at server.util.StateUtil.checkCurrentState(StateUtil.java:54)
	at server.util.StateUtil.checkCurrentState(StateUtil.java:32)
	at server.Agent.mainBody(Agent.java:425)
	at server.Agent.run(Agent.java:155)
	at java.base/java.lang.Thread.run(Thread.java:1474)
